<?xml version="1.0" encoding="UTF-8"?>
<testsuite name="Utest Academy" tests="1" skipped="0" failures="0" errors="0" timestamp="2020-11-25T00:55:49" hostname="DESKTOP-A3JK0MA" time="77.703">
  <properties/>
  <testcase name="Search for a automation course" classname="Utest Academy" time="77.703"/>
  <system-out><![CDATA[]]></system-out>
  <system-err><![CDATA[[Test worker] WARN net.thucydides.core.steps.BaseStepListener - stepStarted: net.thucydides.core.steps.ExecutedStepDescription@6f1778da
[Test worker] WARN net.thucydides.core.steps.BaseStepListener - stepStarted: net.thucydides.core.steps.ExecutedStepDescription@4f52d747
[Test worker] WARN net.thucydides.core.steps.BaseStepListener - stepStarted: net.thucydides.core.steps.ExecutedStepDescription@210ce29d
nov 24, 2020 7:55:50 PM org.openqa.selenium.remote.DesiredCapabilities chrome
INFORMACIÓN: Using `new ChromeOptions()` is preferred to `DesiredCapabilities.chrome()`
[Test worker] INFO net.serenitybdd.core.webdriver.driverproviders.ProvideNewDriver - Instantiating driver
[Test worker] INFO net.serenitybdd.core.webdriver.driverproviders.ProvideNewDriver - Driver capabilities: Capabilities {acceptInsecureCerts: false, browserName: chrome, chrome.switches: --start-maximized, goog:chromeOptions: {args: [--start-maximized], extensions: []}, loggingPrefs: org.openqa.selenium.logging..., platform: ANY, version: }
Starting ChromeDriver 86.0.4240.22 (398b0743353ff36fb1b82468f63a3a93b4e2e89e-refs/branch-heads/4240@{#378}) on port 2272
Only local connections are allowed.
Please see https://chromedriver.chromium.org/security-considerations for suggestions on keeping ChromeDriver safe.
ChromeDriver was started successfully.
[1606265752.682][WARNING]: This version of ChromeDriver has not been tested with Chrome version 87.
nov 24, 2020 7:55:54 PM org.openqa.selenium.remote.ProtocolHandshake createSession
INFORMACIÓN: Detected dialect: W3C
[Test worker] WARN net.thucydides.core.steps.BaseStepListener - stepFinished: current outcome:Search for a automation course:Given than Daniel wants to be part of the world's largest independent software tester community
| strFirstName | strLastName | strEmailAddress | strMonthOfBird | intDayOfBird | intYearOfBird | strCity | intPostalCode | strCountry | strYourComputer | intVersion | strLanguage | strYourMobileDevice | strModel | strOperatingSystem | strPassword | strConfirmPassword |
| Daniel | Gallego | alejosu629@gmail.com | December | 18 | 1995 | Medellin | 050001 | Canada | Windows | 10 64-bit | Spanish | Samsung | Galaxy J7 | Android 10 | 1026154371.Dego* | 1026154371.Dego* | [Daniel open up [Daniel opens the Utest academy page]]
[Test worker] WARN net.thucydides.core.steps.BaseStepListener - stepFinished: current outcome:Search for a automation course:Given than Daniel wants to be part of the world's largest independent software tester community
| strFirstName | strLastName | strEmailAddress | strMonthOfBird | intDayOfBird | intYearOfBird | strCity | intPostalCode | strCountry | strYourComputer | intVersion | strLanguage | strYourMobileDevice | strModel | strOperatingSystem | strPassword | strConfirmPassword |
| Daniel | Gallego | alejosu629@gmail.com | December | 18 | 1995 | Medellin | 050001 | Canada | Windows | 10 64-bit | Spanish | Samsung | Galaxy J7 | Android 10 | 1026154371.Dego* | 1026154371.Dego* | [Daniel open up [Daniel opens the Utest academy page]]
[Test worker] WARN net.thucydides.core.steps.BaseStepListener - stepStarted: net.thucydides.core.steps.ExecutedStepDescription@e757e86
[Test worker] WARN net.thucydides.core.steps.BaseStepListener - stepStarted: net.thucydides.core.steps.ExecutedStepDescription@71d8cab
[Test worker] WARN net.thucydides.core.steps.BaseStepListener - stepFinished: current outcome:Search for a automation course:Given than Daniel wants to be part of the world's largest independent software tester community
| strFirstName | strLastName | strEmailAddress | strMonthOfBird | intDayOfBird | intYearOfBird | strCity | intPostalCode | strCountry | strYourComputer | intVersion | strLanguage | strYourMobileDevice | strModel | strOperatingSystem | strPassword | strConfirmPassword |
| Daniel | Gallego | alejosu629@gmail.com | December | 18 | 1995 | Medellin | 050001 | Canada | Windows | 10 64-bit | Spanish | Samsung | Galaxy J7 | Android 10 | 1026154371.Dego* | 1026154371.Dego* | [Daniel open up [Daniel opens the Utest academy page], Daniel join [Daniel clicks on button that shows us the form to login]]
[Test worker] WARN net.thucydides.core.steps.BaseStepListener - stepStarted: net.thucydides.core.steps.ExecutedStepDescription@2ef06009
[Test worker] WARN net.thucydides.core.steps.BaseStepListener - stepFinished: current outcome:Search for a automation course:Given than Daniel wants to be part of the world's largest independent software tester community
| strFirstName | strLastName | strEmailAddress | strMonthOfBird | intDayOfBird | intYearOfBird | strCity | intPostalCode | strCountry | strYourComputer | intVersion | strLanguage | strYourMobileDevice | strModel | strOperatingSystem | strPassword | strConfirmPassword |
| Daniel | Gallego | alejosu629@gmail.com | December | 18 | 1995 | Medellin | 050001 | Canada | Windows | 10 64-bit | Spanish | Samsung | Galaxy J7 | Android 10 | 1026154371.Dego* | 1026154371.Dego* | [Daniel open up [Daniel opens the Utest academy page], Daniel join [Daniel clicks on button that shows us the form to login, Daniel enters 'Daniel' into button that shows us the form to login]]
[Test worker] WARN net.thucydides.core.steps.BaseStepListener - stepStarted: net.thucydides.core.steps.ExecutedStepDescription@435290d
[Test worker] WARN net.thucydides.core.steps.BaseStepListener - stepFinished: current outcome:Search for a automation course:Given than Daniel wants to be part of the world's largest independent software tester community
| strFirstName | strLastName | strEmailAddress | strMonthOfBird | intDayOfBird | intYearOfBird | strCity | intPostalCode | strCountry | strYourComputer | intVersion | strLanguage | strYourMobileDevice | strModel | strOperatingSystem | strPassword | strConfirmPassword |
| Daniel | Gallego | alejosu629@gmail.com | December | 18 | 1995 | Medellin | 050001 | Canada | Windows | 10 64-bit | Spanish | Samsung | Galaxy J7 | Android 10 | 1026154371.Dego* | 1026154371.Dego* | [Daniel open up [Daniel opens the Utest academy page], Daniel join [Daniel clicks on button that shows us the form to login, Daniel enters 'Daniel' into button that shows us the form to login, Daniel enters 'Gallego' into button that shows us the form to login]]
[Test worker] WARN net.thucydides.core.steps.BaseStepListener - stepStarted: net.thucydides.core.steps.ExecutedStepDescription@49e043b2
[Test worker] WARN net.thucydides.core.steps.BaseStepListener - stepFinished: current outcome:Search for a automation course:Given than Daniel wants to be part of the world's largest independent software tester community
| strFirstName | strLastName | strEmailAddress | strMonthOfBird | intDayOfBird | intYearOfBird | strCity | intPostalCode | strCountry | strYourComputer | intVersion | strLanguage | strYourMobileDevice | strModel | strOperatingSystem | strPassword | strConfirmPassword |
| Daniel | Gallego | alejosu629@gmail.com | December | 18 | 1995 | Medellin | 050001 | Canada | Windows | 10 64-bit | Spanish | Samsung | Galaxy J7 | Android 10 | 1026154371.Dego* | 1026154371.Dego* | [Daniel open up [Daniel opens the Utest academy page], Daniel join [Daniel clicks on button that shows us the form to login, Daniel enters 'Daniel' into button that shows us the form to login, Daniel enters 'Gallego' into button that shows us the form to login, Daniel enters 'alejosu629@gmail.com' into button that shows us the form to login]]
[Test worker] WARN net.thucydides.core.steps.BaseStepListener - stepStarted: net.thucydides.core.steps.ExecutedStepDescription@6f2b9bf7
[Test worker] WARN net.thucydides.core.steps.BaseStepListener - stepFinished: current outcome:Search for a automation course:Given than Daniel wants to be part of the world's largest independent software tester community
| strFirstName | strLastName | strEmailAddress | strMonthOfBird | intDayOfBird | intYearOfBird | strCity | intPostalCode | strCountry | strYourComputer | intVersion | strLanguage | strYourMobileDevice | strModel | strOperatingSystem | strPassword | strConfirmPassword |
| Daniel | Gallego | alejosu629@gmail.com | December | 18 | 1995 | Medellin | 050001 | Canada | Windows | 10 64-bit | Spanish | Samsung | Galaxy J7 | Android 10 | 1026154371.Dego* | 1026154371.Dego* | [Daniel open up [Daniel opens the Utest academy page], Daniel join [Daniel clicks on button that shows us the form to login, Daniel enters 'Daniel' into button that shows us the form to login, Daniel enters 'Gallego' into button that shows us the form to login, Daniel enters 'alejosu629@gmail.com' into button that shows us the form to login, Daniel select December on button that shows us the form to login]]
[Test worker] WARN net.thucydides.core.steps.BaseStepListener - stepStarted: net.thucydides.core.steps.ExecutedStepDescription@49293f2e
[Test worker] WARN net.thucydides.core.steps.BaseStepListener - stepFinished: current outcome:Search for a automation course:Given than Daniel wants to be part of the world's largest independent software tester community
| strFirstName | strLastName | strEmailAddress | strMonthOfBird | intDayOfBird | intYearOfBird | strCity | intPostalCode | strCountry | strYourComputer | intVersion | strLanguage | strYourMobileDevice | strModel | strOperatingSystem | strPassword | strConfirmPassword |
| Daniel | Gallego | alejosu629@gmail.com | December | 18 | 1995 | Medellin | 050001 | Canada | Windows | 10 64-bit | Spanish | Samsung | Galaxy J7 | Android 10 | 1026154371.Dego* | 1026154371.Dego* | [Daniel open up [Daniel opens the Utest academy page], Daniel join [Daniel clicks on button that shows us the form to login, Daniel enters 'Daniel' into button that shows us the form to login, Daniel enters 'Gallego' into button that shows us the form to login, Daniel enters 'alejosu629@gmail.com' into button that shows us the form to login, Daniel select December on button that shows us the form to login, Daniel select 18 on button that shows us the form to login]]
[Test worker] WARN net.thucydides.core.steps.BaseStepListener - stepStarted: net.thucydides.core.steps.ExecutedStepDescription@4a037dd2
[Test worker] WARN net.thucydides.core.steps.BaseStepListener - stepFinished: current outcome:Search for a automation course:Given than Daniel wants to be part of the world's largest independent software tester community
| strFirstName | strLastName | strEmailAddress | strMonthOfBird | intDayOfBird | intYearOfBird | strCity | intPostalCode | strCountry | strYourComputer | intVersion | strLanguage | strYourMobileDevice | strModel | strOperatingSystem | strPassword | strConfirmPassword |
| Daniel | Gallego | alejosu629@gmail.com | December | 18 | 1995 | Medellin | 050001 | Canada | Windows | 10 64-bit | Spanish | Samsung | Galaxy J7 | Android 10 | 1026154371.Dego* | 1026154371.Dego* | [Daniel open up [Daniel opens the Utest academy page], Daniel join [Daniel clicks on button that shows us the form to login, Daniel enters 'Daniel' into button that shows us the form to login, Daniel enters 'Gallego' into button that shows us the form to login, Daniel enters 'alejosu629@gmail.com' into button that shows us the form to login, Daniel select December on button that shows us the form to login, Daniel select 18 on button that shows us the form to login, Daniel select 1995 on button that shows us the form to login]]
[Test worker] WARN net.thucydides.core.steps.BaseStepListener - stepStarted: net.thucydides.core.steps.ExecutedStepDescription@541fb1f0
[Test worker] WARN net.thucydides.core.steps.BaseStepListener - stepFinished: current outcome:Search for a automation course:Given than Daniel wants to be part of the world's largest independent software tester community
| strFirstName | strLastName | strEmailAddress | strMonthOfBird | intDayOfBird | intYearOfBird | strCity | intPostalCode | strCountry | strYourComputer | intVersion | strLanguage | strYourMobileDevice | strModel | strOperatingSystem | strPassword | strConfirmPassword |
| Daniel | Gallego | alejosu629@gmail.com | December | 18 | 1995 | Medellin | 050001 | Canada | Windows | 10 64-bit | Spanish | Samsung | Galaxy J7 | Android 10 | 1026154371.Dego* | 1026154371.Dego* | [Daniel open up [Daniel opens the Utest academy page], Daniel join [Daniel clicks on button that shows us the form to login, Daniel enters 'Daniel' into button that shows us the form to login, Daniel enters 'Gallego' into button that shows us the form to login, Daniel enters 'alejosu629@gmail.com' into button that shows us the form to login, Daniel select December on button that shows us the form to login, Daniel select 18 on button that shows us the form to login, Daniel select 1995 on button that shows us the form to login, Daniel clicks on Estrae el nombre del curso]]
[Test worker] WARN net.thucydides.core.steps.BaseStepListener - stepStarted: net.thucydides.core.steps.ExecutedStepDescription@5fa3dba2
[Test worker] WARN net.thucydides.core.steps.BaseStepListener - stepFinished: current outcome:Search for a automation course:Given than Daniel wants to be part of the world's largest independent software tester community
| strFirstName | strLastName | strEmailAddress | strMonthOfBird | intDayOfBird | intYearOfBird | strCity | intPostalCode | strCountry | strYourComputer | intVersion | strLanguage | strYourMobileDevice | strModel | strOperatingSystem | strPassword | strConfirmPassword |
| Daniel | Gallego | alejosu629@gmail.com | December | 18 | 1995 | Medellin | 050001 | Canada | Windows | 10 64-bit | Spanish | Samsung | Galaxy J7 | Android 10 | 1026154371.Dego* | 1026154371.Dego* | [Daniel open up [Daniel opens the Utest academy page], Daniel join [Daniel clicks on button that shows us the form to login, Daniel enters 'Daniel' into button that shows us the form to login, Daniel enters 'Gallego' into button that shows us the form to login, Daniel enters 'alejosu629@gmail.com' into button that shows us the form to login, Daniel select December on button that shows us the form to login, Daniel select 18 on button that shows us the form to login, Daniel select 1995 on button that shows us the form to login, Daniel clicks on Estrae el nombre del curso, Daniel enters 'Medellin' into button that shows us the form to login]]
[Test worker] WARN net.thucydides.core.steps.BaseStepListener - stepStarted: net.thucydides.core.steps.ExecutedStepDescription@38517d6d
[Test worker] WARN net.thucydides.core.steps.BaseStepListener - stepFinished: current outcome:Search for a automation course:Given than Daniel wants to be part of the world's largest independent software tester community
| strFirstName | strLastName | strEmailAddress | strMonthOfBird | intDayOfBird | intYearOfBird | strCity | intPostalCode | strCountry | strYourComputer | intVersion | strLanguage | strYourMobileDevice | strModel | strOperatingSystem | strPassword | strConfirmPassword |
| Daniel | Gallego | alejosu629@gmail.com | December | 18 | 1995 | Medellin | 050001 | Canada | Windows | 10 64-bit | Spanish | Samsung | Galaxy J7 | Android 10 | 1026154371.Dego* | 1026154371.Dego* | [Daniel open up [Daniel opens the Utest academy page], Daniel join [Daniel clicks on button that shows us the form to login, Daniel enters 'Daniel' into button that shows us the form to login, Daniel enters 'Gallego' into button that shows us the form to login, Daniel enters 'alejosu629@gmail.com' into button that shows us the form to login, Daniel select December on button that shows us the form to login, Daniel select 18 on button that shows us the form to login, Daniel select 1995 on button that shows us the form to login, Daniel clicks on Estrae el nombre del curso, Daniel enters 'Medellin' into button that shows us the form to login, Daniel enters '50001' into button that shows us the form to login]]
[Test worker] WARN net.thucydides.core.steps.BaseStepListener - stepStarted: net.thucydides.core.steps.ExecutedStepDescription@3a8eab47
[Test worker] WARN net.thucydides.core.steps.BaseStepListener - stepFinished: current outcome:Search for a automation course:Given than Daniel wants to be part of the world's largest independent software tester community
| strFirstName | strLastName | strEmailAddress | strMonthOfBird | intDayOfBird | intYearOfBird | strCity | intPostalCode | strCountry | strYourComputer | intVersion | strLanguage | strYourMobileDevice | strModel | strOperatingSystem | strPassword | strConfirmPassword |
| Daniel | Gallego | alejosu629@gmail.com | December | 18 | 1995 | Medellin | 050001 | Canada | Windows | 10 64-bit | Spanish | Samsung | Galaxy J7 | Android 10 | 1026154371.Dego* | 1026154371.Dego* | [Daniel open up [Daniel opens the Utest academy page], Daniel join [Daniel clicks on button that shows us the form to login, Daniel enters 'Daniel' into button that shows us the form to login, Daniel enters 'Gallego' into button that shows us the form to login, Daniel enters 'alejosu629@gmail.com' into button that shows us the form to login, Daniel select December on button that shows us the form to login, Daniel select 18 on button that shows us the form to login, Daniel select 1995 on button that shows us the form to login, Daniel clicks on Estrae el nombre del curso, Daniel enters 'Medellin' into button that shows us the form to login, Daniel enters '50001' into button that shows us the form to login, Daniel clicks on button that shows us the form to login]]
[Test worker] WARN net.thucydides.core.steps.BaseStepListener - stepStarted: net.thucydides.core.steps.ExecutedStepDescription@4d341739
[Test worker] WARN net.thucydides.core.steps.BaseStepListener - stepFinished: current outcome:Search for a automation course:Given than Daniel wants to be part of the world's largest independent software tester community
| strFirstName | strLastName | strEmailAddress | strMonthOfBird | intDayOfBird | intYearOfBird | strCity | intPostalCode | strCountry | strYourComputer | intVersion | strLanguage | strYourMobileDevice | strModel | strOperatingSystem | strPassword | strConfirmPassword |
| Daniel | Gallego | alejosu629@gmail.com | December | 18 | 1995 | Medellin | 050001 | Canada | Windows | 10 64-bit | Spanish | Samsung | Galaxy J7 | Android 10 | 1026154371.Dego* | 1026154371.Dego* | [Daniel open up [Daniel opens the Utest academy page], Daniel join [Daniel clicks on button that shows us the form to login, Daniel enters 'Daniel' into button that shows us the form to login, Daniel enters 'Gallego' into button that shows us the form to login, Daniel enters 'alejosu629@gmail.com' into button that shows us the form to login, Daniel select December on button that shows us the form to login, Daniel select 18 on button that shows us the form to login, Daniel select 1995 on button that shows us the form to login, Daniel clicks on Estrae el nombre del curso, Daniel enters 'Medellin' into button that shows us the form to login, Daniel enters '50001' into button that shows us the form to login, Daniel clicks on button that shows us the form to login, Daniel clicks on button that shows us the form to login]]
[Test worker] WARN net.thucydides.core.steps.BaseStepListener - stepStarted: net.thucydides.core.steps.ExecutedStepDescription@36193d18
[Test worker] WARN net.thucydides.core.steps.BaseStepListener - stepFinished: current outcome:Search for a automation course:Given than Daniel wants to be part of the world's largest independent software tester community
| strFirstName | strLastName | strEmailAddress | strMonthOfBird | intDayOfBird | intYearOfBird | strCity | intPostalCode | strCountry | strYourComputer | intVersion | strLanguage | strYourMobileDevice | strModel | strOperatingSystem | strPassword | strConfirmPassword |
| Daniel | Gallego | alejosu629@gmail.com | December | 18 | 1995 | Medellin | 050001 | Canada | Windows | 10 64-bit | Spanish | Samsung | Galaxy J7 | Android 10 | 1026154371.Dego* | 1026154371.Dego* | [Daniel open up [Daniel opens the Utest academy page], Daniel join [Daniel clicks on button that shows us the form to login, Daniel enters 'Daniel' into button that shows us the form to login, Daniel enters 'Gallego' into button that shows us the form to login, Daniel enters 'alejosu629@gmail.com' into button that shows us the form to login, Daniel select December on button that shows us the form to login, Daniel select 18 on button that shows us the form to login, Daniel select 1995 on button that shows us the form to login, Daniel clicks on Estrae el nombre del curso, Daniel enters 'Medellin' into button that shows us the form to login, Daniel enters '50001' into button that shows us the form to login, Daniel clicks on button that shows us the form to login, Daniel clicks on button that shows us the form to login, Daniel clicks on Estrae el nombre del curso]]
[Test worker] WARN net.thucydides.core.steps.BaseStepListener - stepStarted: net.thucydides.core.steps.ExecutedStepDescription@1a02f48d
[Test worker] WARN net.thucydides.core.steps.BaseStepListener - stepFinished: current outcome:Search for a automation course:Given than Daniel wants to be part of the world's largest independent software tester community
| strFirstName | strLastName | strEmailAddress | strMonthOfBird | intDayOfBird | intYearOfBird | strCity | intPostalCode | strCountry | strYourComputer | intVersion | strLanguage | strYourMobileDevice | strModel | strOperatingSystem | strPassword | strConfirmPassword |
| Daniel | Gallego | alejosu629@gmail.com | December | 18 | 1995 | Medellin | 050001 | Canada | Windows | 10 64-bit | Spanish | Samsung | Galaxy J7 | Android 10 | 1026154371.Dego* | 1026154371.Dego* | [Daniel open up [Daniel opens the Utest academy page], Daniel join [Daniel clicks on button that shows us the form to login, Daniel enters 'Daniel' into button that shows us the form to login, Daniel enters 'Gallego' into button that shows us the form to login, Daniel enters 'alejosu629@gmail.com' into button that shows us the form to login, Daniel select December on button that shows us the form to login, Daniel select 18 on button that shows us the form to login, Daniel select 1995 on button that shows us the form to login, Daniel clicks on Estrae el nombre del curso, Daniel enters 'Medellin' into button that shows us the form to login, Daniel enters '50001' into button that shows us the form to login, Daniel clicks on button that shows us the form to login, Daniel clicks on button that shows us the form to login, Daniel clicks on Estrae el nombre del curso, Daniel clicks on button that shows us the form to login]]
[Test worker] WARN net.thucydides.core.steps.BaseStepListener - stepStarted: net.thucydides.core.steps.ExecutedStepDescription@2648dc63
[Test worker] WARN net.thucydides.core.steps.BaseStepListener - stepFinished: current outcome:Search for a automation course:Given than Daniel wants to be part of the world's largest independent software tester community
| strFirstName | strLastName | strEmailAddress | strMonthOfBird | intDayOfBird | intYearOfBird | strCity | intPostalCode | strCountry | strYourComputer | intVersion | strLanguage | strYourMobileDevice | strModel | strOperatingSystem | strPassword | strConfirmPassword |
| Daniel | Gallego | alejosu629@gmail.com | December | 18 | 1995 | Medellin | 050001 | Canada | Windows | 10 64-bit | Spanish | Samsung | Galaxy J7 | Android 10 | 1026154371.Dego* | 1026154371.Dego* | [Daniel open up [Daniel opens the Utest academy page], Daniel join [Daniel clicks on button that shows us the form to login, Daniel enters 'Daniel' into button that shows us the form to login, Daniel enters 'Gallego' into button that shows us the form to login, Daniel enters 'alejosu629@gmail.com' into button that shows us the form to login, Daniel select December on button that shows us the form to login, Daniel select 18 on button that shows us the form to login, Daniel select 1995 on button that shows us the form to login, Daniel clicks on Estrae el nombre del curso, Daniel enters 'Medellin' into button that shows us the form to login, Daniel enters '50001' into button that shows us the form to login, Daniel clicks on button that shows us the form to login, Daniel clicks on button that shows us the form to login, Daniel clicks on Estrae el nombre del curso, Daniel clicks on button that shows us the form to login, Daniel clicks on button that shows us the form to login]]
[Test worker] WARN net.thucydides.core.steps.BaseStepListener - stepStarted: net.thucydides.core.steps.ExecutedStepDescription@2bb2cba9
[Test worker] WARN net.thucydides.core.steps.BaseStepListener - stepFinished: current outcome:Search for a automation course:Given than Daniel wants to be part of the world's largest independent software tester community
| strFirstName | strLastName | strEmailAddress | strMonthOfBird | intDayOfBird | intYearOfBird | strCity | intPostalCode | strCountry | strYourComputer | intVersion | strLanguage | strYourMobileDevice | strModel | strOperatingSystem | strPassword | strConfirmPassword |
| Daniel | Gallego | alejosu629@gmail.com | December | 18 | 1995 | Medellin | 050001 | Canada | Windows | 10 64-bit | Spanish | Samsung | Galaxy J7 | Android 10 | 1026154371.Dego* | 1026154371.Dego* | [Daniel open up [Daniel opens the Utest academy page], Daniel join [Daniel clicks on button that shows us the form to login, Daniel enters 'Daniel' into button that shows us the form to login, Daniel enters 'Gallego' into button that shows us the form to login, Daniel enters 'alejosu629@gmail.com' into button that shows us the form to login, Daniel select December on button that shows us the form to login, Daniel select 18 on button that shows us the form to login, Daniel select 1995 on button that shows us the form to login, Daniel clicks on Estrae el nombre del curso, Daniel enters 'Medellin' into button that shows us the form to login, Daniel enters '50001' into button that shows us the form to login, Daniel clicks on button that shows us the form to login, Daniel clicks on button that shows us the form to login, Daniel clicks on Estrae el nombre del curso, Daniel clicks on button that shows us the form to login, Daniel clicks on button that shows us the form to login, Daniel clicks on button that shows us the form to login]]
[Test worker] WARN net.thucydides.core.steps.BaseStepListener - stepStarted: net.thucydides.core.steps.ExecutedStepDescription@16dca564
[Test worker] WARN net.thucydides.core.steps.BaseStepListener - stepFinished: current outcome:Search for a automation course:Given than Daniel wants to be part of the world's largest independent software tester community
| strFirstName | strLastName | strEmailAddress | strMonthOfBird | intDayOfBird | intYearOfBird | strCity | intPostalCode | strCountry | strYourComputer | intVersion | strLanguage | strYourMobileDevice | strModel | strOperatingSystem | strPassword | strConfirmPassword |
| Daniel | Gallego | alejosu629@gmail.com | December | 18 | 1995 | Medellin | 050001 | Canada | Windows | 10 64-bit | Spanish | Samsung | Galaxy J7 | Android 10 | 1026154371.Dego* | 1026154371.Dego* | [Daniel open up [Daniel opens the Utest academy page], Daniel join [Daniel clicks on button that shows us the form to login, Daniel enters 'Daniel' into button that shows us the form to login, Daniel enters 'Gallego' into button that shows us the form to login, Daniel enters 'alejosu629@gmail.com' into button that shows us the form to login, Daniel select December on button that shows us the form to login, Daniel select 18 on button that shows us the form to login, Daniel select 1995 on button that shows us the form to login, Daniel clicks on Estrae el nombre del curso, Daniel enters 'Medellin' into button that shows us the form to login, Daniel enters '50001' into button that shows us the form to login, Daniel clicks on button that shows us the form to login, Daniel clicks on button that shows us the form to login, Daniel clicks on Estrae el nombre del curso, Daniel clicks on button that shows us the form to login, Daniel clicks on button that shows us the form to login, Daniel clicks on button that shows us the form to login, Daniel clicks on button that shows us the form to login]]
[Test worker] WARN net.thucydides.core.steps.BaseStepListener - stepStarted: net.thucydides.core.steps.ExecutedStepDescription@39a1650b
[Test worker] WARN net.thucydides.core.steps.BaseStepListener - stepFinished: current outcome:Search for a automation course:Given than Daniel wants to be part of the world's largest independent software tester community
| strFirstName | strLastName | strEmailAddress | strMonthOfBird | intDayOfBird | intYearOfBird | strCity | intPostalCode | strCountry | strYourComputer | intVersion | strLanguage | strYourMobileDevice | strModel | strOperatingSystem | strPassword | strConfirmPassword |
| Daniel | Gallego | alejosu629@gmail.com | December | 18 | 1995 | Medellin | 050001 | Canada | Windows | 10 64-bit | Spanish | Samsung | Galaxy J7 | Android 10 | 1026154371.Dego* | 1026154371.Dego* | [Daniel open up [Daniel opens the Utest academy page], Daniel join [Daniel clicks on button that shows us the form to login, Daniel enters 'Daniel' into button that shows us the form to login, Daniel enters 'Gallego' into button that shows us the form to login, Daniel enters 'alejosu629@gmail.com' into button that shows us the form to login, Daniel select December on button that shows us the form to login, Daniel select 18 on button that shows us the form to login, Daniel select 1995 on button that shows us the form to login, Daniel clicks on Estrae el nombre del curso, Daniel enters 'Medellin' into button that shows us the form to login, Daniel enters '50001' into button that shows us the form to login, Daniel clicks on button that shows us the form to login, Daniel clicks on button that shows us the form to login, Daniel clicks on Estrae el nombre del curso, Daniel clicks on button that shows us the form to login, Daniel clicks on button that shows us the form to login, Daniel clicks on button that shows us the form to login, Daniel clicks on button that shows us the form to login, Daniel clicks on button that shows us the form to login]]
[Test worker] WARN net.thucydides.core.steps.BaseStepListener - stepStarted: net.thucydides.core.steps.ExecutedStepDescription@12dcf22e
[Test worker] WARN net.thucydides.core.steps.BaseStepListener - stepFinished: current outcome:Search for a automation course:Given than Daniel wants to be part of the world's largest independent software tester community
| strFirstName | strLastName | strEmailAddress | strMonthOfBird | intDayOfBird | intYearOfBird | strCity | intPostalCode | strCountry | strYourComputer | intVersion | strLanguage | strYourMobileDevice | strModel | strOperatingSystem | strPassword | strConfirmPassword |
| Daniel | Gallego | alejosu629@gmail.com | December | 18 | 1995 | Medellin | 050001 | Canada | Windows | 10 64-bit | Spanish | Samsung | Galaxy J7 | Android 10 | 1026154371.Dego* | 1026154371.Dego* | [Daniel open up [Daniel opens the Utest academy page], Daniel join [Daniel clicks on button that shows us the form to login, Daniel enters 'Daniel' into button that shows us the form to login, Daniel enters 'Gallego' into button that shows us the form to login, Daniel enters 'alejosu629@gmail.com' into button that shows us the form to login, Daniel select December on button that shows us the form to login, Daniel select 18 on button that shows us the form to login, Daniel select 1995 on button that shows us the form to login, Daniel clicks on Estrae el nombre del curso, Daniel enters 'Medellin' into button that shows us the form to login, Daniel enters '50001' into button that shows us the form to login, Daniel clicks on button that shows us the form to login, Daniel clicks on button that shows us the form to login, Daniel clicks on Estrae el nombre del curso, Daniel clicks on button that shows us the form to login, Daniel clicks on button that shows us the form to login, Daniel clicks on button that shows us the form to login, Daniel clicks on button that shows us the form to login, Daniel clicks on button that shows us the form to login, Daniel clicks on button that shows us the form to login]]
[Test worker] WARN net.thucydides.core.steps.BaseStepListener - stepStarted: net.thucydides.core.steps.ExecutedStepDescription@17c1c44f
[Test worker] WARN net.thucydides.core.steps.BaseStepListener - stepFinished: current outcome:Search for a automation course:Given than Daniel wants to be part of the world's largest independent software tester community
| strFirstName | strLastName | strEmailAddress | strMonthOfBird | intDayOfBird | intYearOfBird | strCity | intPostalCode | strCountry | strYourComputer | intVersion | strLanguage | strYourMobileDevice | strModel | strOperatingSystem | strPassword | strConfirmPassword |
| Daniel | Gallego | alejosu629@gmail.com | December | 18 | 1995 | Medellin | 050001 | Canada | Windows | 10 64-bit | Spanish | Samsung | Galaxy J7 | Android 10 | 1026154371.Dego* | 1026154371.Dego* | [Daniel open up [Daniel opens the Utest academy page], Daniel join [Daniel clicks on button that shows us the form to login, Daniel enters 'Daniel' into button that shows us the form to login, Daniel enters 'Gallego' into button that shows us the form to login, Daniel enters 'alejosu629@gmail.com' into button that shows us the form to login, Daniel select December on button that shows us the form to login, Daniel select 18 on button that shows us the form to login, Daniel select 1995 on button that shows us the form to login, Daniel clicks on Estrae el nombre del curso, Daniel enters 'Medellin' into button that shows us the form to login, Daniel enters '50001' into button that shows us the form to login, Daniel clicks on button that shows us the form to login, Daniel clicks on button that shows us the form to login, Daniel clicks on Estrae el nombre del curso, Daniel clicks on button that shows us the form to login, Daniel clicks on button that shows us the form to login, Daniel clicks on button that shows us the form to login, Daniel clicks on button that shows us the form to login, Daniel clicks on button that shows us the form to login, Daniel clicks on button that shows us the form to login, Daniel clicks on Estrae el nombre del curso]]
[Test worker] WARN net.thucydides.core.steps.BaseStepListener - stepStarted: net.thucydides.core.steps.ExecutedStepDescription@2e6d42f4
[Test worker] WARN net.thucydides.core.steps.BaseStepListener - stepFinished: current outcome:Search for a automation course:Given than Daniel wants to be part of the world's largest independent software tester community
| strFirstName | strLastName | strEmailAddress | strMonthOfBird | intDayOfBird | intYearOfBird | strCity | intPostalCode | strCountry | strYourComputer | intVersion | strLanguage | strYourMobileDevice | strModel | strOperatingSystem | strPassword | strConfirmPassword |
| Daniel | Gallego | alejosu629@gmail.com | December | 18 | 1995 | Medellin | 050001 | Canada | Windows | 10 64-bit | Spanish | Samsung | Galaxy J7 | Android 10 | 1026154371.Dego* | 1026154371.Dego* | [Daniel open up [Daniel opens the Utest academy page], Daniel join [Daniel clicks on button that shows us the form to login, Daniel enters 'Daniel' into button that shows us the form to login, Daniel enters 'Gallego' into button that shows us the form to login, Daniel enters 'alejosu629@gmail.com' into button that shows us the form to login, Daniel select December on button that shows us the form to login, Daniel select 18 on button that shows us the form to login, Daniel select 1995 on button that shows us the form to login, Daniel clicks on Estrae el nombre del curso, Daniel enters 'Medellin' into button that shows us the form to login, Daniel enters '50001' into button that shows us the form to login, Daniel clicks on button that shows us the form to login, Daniel clicks on button that shows us the form to login, Daniel clicks on Estrae el nombre del curso, Daniel clicks on button that shows us the form to login, Daniel clicks on button that shows us the form to login, Daniel clicks on button that shows us the form to login, Daniel clicks on button that shows us the form to login, Daniel clicks on button that shows us the form to login, Daniel clicks on button that shows us the form to login, Daniel clicks on Estrae el nombre del curso, Daniel enters '1026154371.Dego*' into button that shows us the form to login]]
[Test worker] WARN net.thucydides.core.steps.BaseStepListener - stepStarted: net.thucydides.core.steps.ExecutedStepDescription@831277b
[Test worker] WARN net.thucydides.core.steps.BaseStepListener - stepFinished: current outcome:Search for a automation course:Given than Daniel wants to be part of the world's largest independent software tester community
| strFirstName | strLastName | strEmailAddress | strMonthOfBird | intDayOfBird | intYearOfBird | strCity | intPostalCode | strCountry | strYourComputer | intVersion | strLanguage | strYourMobileDevice | strModel | strOperatingSystem | strPassword | strConfirmPassword |
| Daniel | Gallego | alejosu629@gmail.com | December | 18 | 1995 | Medellin | 050001 | Canada | Windows | 10 64-bit | Spanish | Samsung | Galaxy J7 | Android 10 | 1026154371.Dego* | 1026154371.Dego* | [Daniel open up [Daniel opens the Utest academy page], Daniel join [Daniel clicks on button that shows us the form to login, Daniel enters 'Daniel' into button that shows us the form to login, Daniel enters 'Gallego' into button that shows us the form to login, Daniel enters 'alejosu629@gmail.com' into button that shows us the form to login, Daniel select December on button that shows us the form to login, Daniel select 18 on button that shows us the form to login, Daniel select 1995 on button that shows us the form to login, Daniel clicks on Estrae el nombre del curso, Daniel enters 'Medellin' into button that shows us the form to login, Daniel enters '50001' into button that shows us the form to login, Daniel clicks on button that shows us the form to login, Daniel clicks on button that shows us the form to login, Daniel clicks on Estrae el nombre del curso, Daniel clicks on button that shows us the form to login, Daniel clicks on button that shows us the form to login, Daniel clicks on button that shows us the form to login, Daniel clicks on button that shows us the form to login, Daniel clicks on button that shows us the form to login, Daniel clicks on button that shows us the form to login, Daniel clicks on Estrae el nombre del curso, Daniel enters '1026154371.Dego*' into button that shows us the form to login, Daniel enters '1026154371.Dego*' into button that shows us the form to login]]
[Test worker] WARN net.thucydides.core.steps.BaseStepListener - stepStarted: net.thucydides.core.steps.ExecutedStepDescription@1db2356c
[Test worker] WARN net.thucydides.core.steps.BaseStepListener - stepFinished: current outcome:Search for a automation course:Given than Daniel wants to be part of the world's largest independent software tester community
| strFirstName | strLastName | strEmailAddress | strMonthOfBird | intDayOfBird | intYearOfBird | strCity | intPostalCode | strCountry | strYourComputer | intVersion | strLanguage | strYourMobileDevice | strModel | strOperatingSystem | strPassword | strConfirmPassword |
| Daniel | Gallego | alejosu629@gmail.com | December | 18 | 1995 | Medellin | 050001 | Canada | Windows | 10 64-bit | Spanish | Samsung | Galaxy J7 | Android 10 | 1026154371.Dego* | 1026154371.Dego* | [Daniel open up [Daniel opens the Utest academy page], Daniel join [Daniel clicks on button that shows us the form to login, Daniel enters 'Daniel' into button that shows us the form to login, Daniel enters 'Gallego' into button that shows us the form to login, Daniel enters 'alejosu629@gmail.com' into button that shows us the form to login, Daniel select December on button that shows us the form to login, Daniel select 18 on button that shows us the form to login, Daniel select 1995 on button that shows us the form to login, Daniel clicks on Estrae el nombre del curso, Daniel enters 'Medellin' into button that shows us the form to login, Daniel enters '50001' into button that shows us the form to login, Daniel clicks on button that shows us the form to login, Daniel clicks on button that shows us the form to login, Daniel clicks on Estrae el nombre del curso, Daniel clicks on button that shows us the form to login, Daniel clicks on button that shows us the form to login, Daniel clicks on button that shows us the form to login, Daniel clicks on button that shows us the form to login, Daniel clicks on button that shows us the form to login, Daniel clicks on button that shows us the form to login, Daniel clicks on Estrae el nombre del curso, Daniel enters '1026154371.Dego*' into button that shows us the form to login, Daniel enters '1026154371.Dego*' into button that shows us the form to login, Daniel clicks on Estrae el nombre del curso]]
[Test worker] WARN net.thucydides.core.steps.BaseStepListener - stepStarted: net.thucydides.core.steps.ExecutedStepDescription@cc47a5a
[Test worker] WARN net.thucydides.core.steps.BaseStepListener - stepFinished: current outcome:Search for a automation course:Given than Daniel wants to be part of the world's largest independent software tester community
| strFirstName | strLastName | strEmailAddress | strMonthOfBird | intDayOfBird | intYearOfBird | strCity | intPostalCode | strCountry | strYourComputer | intVersion | strLanguage | strYourMobileDevice | strModel | strOperatingSystem | strPassword | strConfirmPassword |
| Daniel | Gallego | alejosu629@gmail.com | December | 18 | 1995 | Medellin | 050001 | Canada | Windows | 10 64-bit | Spanish | Samsung | Galaxy J7 | Android 10 | 1026154371.Dego* | 1026154371.Dego* | [Daniel open up [Daniel opens the Utest academy page], Daniel join [Daniel clicks on button that shows us the form to login, Daniel enters 'Daniel' into button that shows us the form to login, Daniel enters 'Gallego' into button that shows us the form to login, Daniel enters 'alejosu629@gmail.com' into button that shows us the form to login, Daniel select December on button that shows us the form to login, Daniel select 18 on button that shows us the form to login, Daniel select 1995 on button that shows us the form to login, Daniel clicks on Estrae el nombre del curso, Daniel enters 'Medellin' into button that shows us the form to login, Daniel enters '50001' into button that shows us the form to login, Daniel clicks on button that shows us the form to login, Daniel clicks on button that shows us the form to login, Daniel clicks on Estrae el nombre del curso, Daniel clicks on button that shows us the form to login, Daniel clicks on button that shows us the form to login, Daniel clicks on button that shows us the form to login, Daniel clicks on button that shows us the form to login, Daniel clicks on button that shows us the form to login, Daniel clicks on button that shows us the form to login, Daniel clicks on Estrae el nombre del curso, Daniel enters '1026154371.Dego*' into button that shows us the form to login, Daniel enters '1026154371.Dego*' into button that shows us the form to login, Daniel clicks on Estrae el nombre del curso, Daniel clicks on Estrae el nombre del curso]]
[Test worker] WARN net.thucydides.core.steps.BaseStepListener - stepStarted: net.thucydides.core.steps.ExecutedStepDescription@47af9079
[Test worker] WARN net.thucydides.core.steps.BaseStepListener - stepFinished: current outcome:Search for a automation course:Given than Daniel wants to be part of the world's largest independent software tester community
| strFirstName | strLastName | strEmailAddress | strMonthOfBird | intDayOfBird | intYearOfBird | strCity | intPostalCode | strCountry | strYourComputer | intVersion | strLanguage | strYourMobileDevice | strModel | strOperatingSystem | strPassword | strConfirmPassword |
| Daniel | Gallego | alejosu629@gmail.com | December | 18 | 1995 | Medellin | 050001 | Canada | Windows | 10 64-bit | Spanish | Samsung | Galaxy J7 | Android 10 | 1026154371.Dego* | 1026154371.Dego* | [Daniel open up [Daniel opens the Utest academy page], Daniel join [Daniel clicks on button that shows us the form to login, Daniel enters 'Daniel' into button that shows us the form to login, Daniel enters 'Gallego' into button that shows us the form to login, Daniel enters 'alejosu629@gmail.com' into button that shows us the form to login, Daniel select December on button that shows us the form to login, Daniel select 18 on button that shows us the form to login, Daniel select 1995 on button that shows us the form to login, Daniel clicks on Estrae el nombre del curso, Daniel enters 'Medellin' into button that shows us the form to login, Daniel enters '50001' into button that shows us the form to login, Daniel clicks on button that shows us the form to login, Daniel clicks on button that shows us the form to login, Daniel clicks on Estrae el nombre del curso, Daniel clicks on button that shows us the form to login, Daniel clicks on button that shows us the form to login, Daniel clicks on button that shows us the form to login, Daniel clicks on button that shows us the form to login, Daniel clicks on button that shows us the form to login, Daniel clicks on button that shows us the form to login, Daniel clicks on Estrae el nombre del curso, Daniel enters '1026154371.Dego*' into button that shows us the form to login, Daniel enters '1026154371.Dego*' into button that shows us the form to login, Daniel clicks on Estrae el nombre del curso, Daniel clicks on Estrae el nombre del curso, Daniel clicks on Estrae el nombre del curso]]
[Test worker] WARN net.thucydides.core.steps.BaseStepListener - stepFinished: current outcome:Search for a automation course:Given than Daniel wants to be part of the world's largest independent software tester community
| strFirstName | strLastName | strEmailAddress | strMonthOfBird | intDayOfBird | intYearOfBird | strCity | intPostalCode | strCountry | strYourComputer | intVersion | strLanguage | strYourMobileDevice | strModel | strOperatingSystem | strPassword | strConfirmPassword |
| Daniel | Gallego | alejosu629@gmail.com | December | 18 | 1995 | Medellin | 050001 | Canada | Windows | 10 64-bit | Spanish | Samsung | Galaxy J7 | Android 10 | 1026154371.Dego* | 1026154371.Dego* | [Daniel open up [Daniel opens the Utest academy page], Daniel join [Daniel clicks on button that shows us the form to login, Daniel enters 'Daniel' into button that shows us the form to login, Daniel enters 'Gallego' into button that shows us the form to login, Daniel enters 'alejosu629@gmail.com' into button that shows us the form to login, Daniel select December on button that shows us the form to login, Daniel select 18 on button that shows us the form to login, Daniel select 1995 on button that shows us the form to login, Daniel clicks on Estrae el nombre del curso, Daniel enters 'Medellin' into button that shows us the form to login, Daniel enters '50001' into button that shows us the form to login, Daniel clicks on button that shows us the form to login, Daniel clicks on button that shows us the form to login, Daniel clicks on Estrae el nombre del curso, Daniel clicks on button that shows us the form to login, Daniel clicks on button that shows us the form to login, Daniel clicks on button that shows us the form to login, Daniel clicks on button that shows us the form to login, Daniel clicks on button that shows us the form to login, Daniel clicks on button that shows us the form to login, Daniel clicks on Estrae el nombre del curso, Daniel enters '1026154371.Dego*' into button that shows us the form to login, Daniel enters '1026154371.Dego*' into button that shows us the form to login, Daniel clicks on Estrae el nombre del curso, Daniel clicks on Estrae el nombre del curso, Daniel clicks on Estrae el nombre del curso]]
[Test worker] WARN net.thucydides.core.steps.BaseStepListener - stepFinished: current outcome:Search for a automation course:Given than Daniel wants to be part of the world's largest independent software tester community
| strFirstName | strLastName | strEmailAddress | strMonthOfBird | intDayOfBird | intYearOfBird | strCity | intPostalCode | strCountry | strYourComputer | intVersion | strLanguage | strYourMobileDevice | strModel | strOperatingSystem | strPassword | strConfirmPassword |
| Daniel | Gallego | alejosu629@gmail.com | December | 18 | 1995 | Medellin | 050001 | Canada | Windows | 10 64-bit | Spanish | Samsung | Galaxy J7 | Android 10 | 1026154371.Dego* | 1026154371.Dego* | [Daniel open up [Daniel opens the Utest academy page], Daniel join [Daniel clicks on button that shows us the form to login, Daniel enters 'Daniel' into button that shows us the form to login, Daniel enters 'Gallego' into button that shows us the form to login, Daniel enters 'alejosu629@gmail.com' into button that shows us the form to login, Daniel select December on button that shows us the form to login, Daniel select 18 on button that shows us the form to login, Daniel select 1995 on button that shows us the form to login, Daniel clicks on Estrae el nombre del curso, Daniel enters 'Medellin' into button that shows us the form to login, Daniel enters '50001' into button that shows us the form to login, Daniel clicks on button that shows us the form to login, Daniel clicks on button that shows us the form to login, Daniel clicks on Estrae el nombre del curso, Daniel clicks on button that shows us the form to login, Daniel clicks on button that shows us the form to login, Daniel clicks on button that shows us the form to login, Daniel clicks on button that shows us the form to login, Daniel clicks on button that shows us the form to login, Daniel clicks on button that shows us the form to login, Daniel clicks on Estrae el nombre del curso, Daniel enters '1026154371.Dego*' into button that shows us the form to login, Daniel enters '1026154371.Dego*' into button that shows us the form to login, Daniel clicks on Estrae el nombre del curso, Daniel clicks on Estrae el nombre del curso, Daniel clicks on Estrae el nombre del curso]]
[Test worker] WARN net.thucydides.core.steps.BaseStepListener - stepStarted: net.thucydides.core.steps.ExecutedStepDescription@469abdfc
[Test worker] WARN net.thucydides.core.steps.BaseStepListener - stepStarted: net.thucydides.core.steps.ExecutedStepDescription@84e21ec
[Test worker] WARN net.thucydides.core.steps.BaseStepListener - stepStarted: net.thucydides.core.steps.ExecutedStepDescription@180204db
[Test worker] WARN net.thucydides.core.steps.BaseStepListener - stepFinished: current outcome:Search for a automation course:Given than Daniel wants to be part of the world's largest independent software tester community
| strFirstName | strLastName | strEmailAddress | strMonthOfBird | intDayOfBird | intYearOfBird | strCity | intPostalCode | strCountry | strYourComputer | intVersion | strLanguage | strYourMobileDevice | strModel | strOperatingSystem | strPassword | strConfirmPassword |
| Daniel | Gallego | alejosu629@gmail.com | December | 18 | 1995 | Medellin | 050001 | Canada | Windows | 10 64-bit | Spanish | Samsung | Galaxy J7 | Android 10 | 1026154371.Dego* | 1026154371.Dego* | [Daniel open up [Daniel opens the Utest academy page], Daniel join [Daniel clicks on button that shows us the form to login, Daniel enters 'Daniel' into button that shows us the form to login, Daniel enters 'Gallego' into button that shows us the form to login, Daniel enters 'alejosu629@gmail.com' into button that shows us the form to login, Daniel select December on button that shows us the form to login, Daniel select 18 on button that shows us the form to login, Daniel select 1995 on button that shows us the form to login, Daniel clicks on Estrae el nombre del curso, Daniel enters 'Medellin' into button that shows us the form to login, Daniel enters '50001' into button that shows us the form to login, Daniel clicks on button that shows us the form to login, Daniel clicks on button that shows us the form to login, Daniel clicks on Estrae el nombre del curso, Daniel clicks on button that shows us the form to login, Daniel clicks on button that shows us the form to login, Daniel clicks on button that shows us the form to login, Daniel clicks on button that shows us the form to login, Daniel clicks on button that shows us the form to login, Daniel clicks on button that shows us the form to login, Daniel clicks on Estrae el nombre del curso, Daniel enters '1026154371.Dego*' into button that shows us the form to login, Daniel enters '1026154371.Dego*' into button that shows us the form to login, Daniel clicks on Estrae el nombre del curso, Daniel clicks on Estrae el nombre del curso, Daniel clicks on Estrae el nombre del curso]], When he enters the world's largest community of freelance software testers
| strUser | strPassword |
| destivengoo3@gmail.com | 24368740.Blanca | [Daniel login [Daniel clicks on Selecciona la universidad choucair]]
[Test worker] WARN net.thucydides.core.steps.BaseStepListener - stepStarted: net.thucydides.core.steps.ExecutedStepDescription@301e39a5
[Test worker] WARN net.thucydides.core.steps.BaseStepListener - stepFinished: current outcome:Search for a automation course:Given than Daniel wants to be part of the world's largest independent software tester community
| strFirstName | strLastName | strEmailAddress | strMonthOfBird | intDayOfBird | intYearOfBird | strCity | intPostalCode | strCountry | strYourComputer | intVersion | strLanguage | strYourMobileDevice | strModel | strOperatingSystem | strPassword | strConfirmPassword |
| Daniel | Gallego | alejosu629@gmail.com | December | 18 | 1995 | Medellin | 050001 | Canada | Windows | 10 64-bit | Spanish | Samsung | Galaxy J7 | Android 10 | 1026154371.Dego* | 1026154371.Dego* | [Daniel open up [Daniel opens the Utest academy page], Daniel join [Daniel clicks on button that shows us the form to login, Daniel enters 'Daniel' into button that shows us the form to login, Daniel enters 'Gallego' into button that shows us the form to login, Daniel enters 'alejosu629@gmail.com' into button that shows us the form to login, Daniel select December on button that shows us the form to login, Daniel select 18 on button that shows us the form to login, Daniel select 1995 on button that shows us the form to login, Daniel clicks on Estrae el nombre del curso, Daniel enters 'Medellin' into button that shows us the form to login, Daniel enters '50001' into button that shows us the form to login, Daniel clicks on button that shows us the form to login, Daniel clicks on button that shows us the form to login, Daniel clicks on Estrae el nombre del curso, Daniel clicks on button that shows us the form to login, Daniel clicks on button that shows us the form to login, Daniel clicks on button that shows us the form to login, Daniel clicks on button that shows us the form to login, Daniel clicks on button that shows us the form to login, Daniel clicks on button that shows us the form to login, Daniel clicks on Estrae el nombre del curso, Daniel enters '1026154371.Dego*' into button that shows us the form to login, Daniel enters '1026154371.Dego*' into button that shows us the form to login, Daniel clicks on Estrae el nombre del curso, Daniel clicks on Estrae el nombre del curso, Daniel clicks on Estrae el nombre del curso]], When he enters the world's largest community of freelance software testers
| strUser | strPassword |
| destivengoo3@gmail.com | 24368740.Blanca | [Daniel login [Daniel clicks on Selecciona la universidad choucair, Daniel enters 'destivengoo3@gmail.com' into Prueba TÃ©cnica - Analista Bancolombia]]
[Test worker] WARN net.thucydides.core.steps.BaseStepListener - stepStarted: net.thucydides.core.steps.ExecutedStepDescription@4bf7ba2a
[Test worker] WARN net.thucydides.core.steps.BaseStepListener - stepFinished: current outcome:Search for a automation course:Given than Daniel wants to be part of the world's largest independent software tester community
| strFirstName | strLastName | strEmailAddress | strMonthOfBird | intDayOfBird | intYearOfBird | strCity | intPostalCode | strCountry | strYourComputer | intVersion | strLanguage | strYourMobileDevice | strModel | strOperatingSystem | strPassword | strConfirmPassword |
| Daniel | Gallego | alejosu629@gmail.com | December | 18 | 1995 | Medellin | 050001 | Canada | Windows | 10 64-bit | Spanish | Samsung | Galaxy J7 | Android 10 | 1026154371.Dego* | 1026154371.Dego* | [Daniel open up [Daniel opens the Utest academy page], Daniel join [Daniel clicks on button that shows us the form to login, Daniel enters 'Daniel' into button that shows us the form to login, Daniel enters 'Gallego' into button that shows us the form to login, Daniel enters 'alejosu629@gmail.com' into button that shows us the form to login, Daniel select December on button that shows us the form to login, Daniel select 18 on button that shows us the form to login, Daniel select 1995 on button that shows us the form to login, Daniel clicks on Estrae el nombre del curso, Daniel enters 'Medellin' into button that shows us the form to login, Daniel enters '50001' into button that shows us the form to login, Daniel clicks on button that shows us the form to login, Daniel clicks on button that shows us the form to login, Daniel clicks on Estrae el nombre del curso, Daniel clicks on button that shows us the form to login, Daniel clicks on button that shows us the form to login, Daniel clicks on button that shows us the form to login, Daniel clicks on button that shows us the form to login, Daniel clicks on button that shows us the form to login, Daniel clicks on button that shows us the form to login, Daniel clicks on Estrae el nombre del curso, Daniel enters '1026154371.Dego*' into button that shows us the form to login, Daniel enters '1026154371.Dego*' into button that shows us the form to login, Daniel clicks on Estrae el nombre del curso, Daniel clicks on Estrae el nombre del curso, Daniel clicks on Estrae el nombre del curso]], When he enters the world's largest community of freelance software testers
| strUser | strPassword |
| destivengoo3@gmail.com | 24368740.Blanca | [Daniel login [Daniel clicks on Selecciona la universidad choucair, Daniel enters 'destivengoo3@gmail.com' into Prueba TÃ©cnica - Analista Bancolombia, Daniel enters '24368740.Blanca' into Da click para buscar el curso]]
[Test worker] WARN net.thucydides.core.steps.BaseStepListener - stepStarted: net.thucydides.core.steps.ExecutedStepDescription@46503fd
[Test worker] WARN net.thucydides.core.steps.BaseStepListener - stepFinished: current outcome:Search for a automation course:Given than Daniel wants to be part of the world's largest independent software tester community
| strFirstName | strLastName | strEmailAddress | strMonthOfBird | intDayOfBird | intYearOfBird | strCity | intPostalCode | strCountry | strYourComputer | intVersion | strLanguage | strYourMobileDevice | strModel | strOperatingSystem | strPassword | strConfirmPassword |
| Daniel | Gallego | alejosu629@gmail.com | December | 18 | 1995 | Medellin | 050001 | Canada | Windows | 10 64-bit | Spanish | Samsung | Galaxy J7 | Android 10 | 1026154371.Dego* | 1026154371.Dego* | [Daniel open up [Daniel opens the Utest academy page], Daniel join [Daniel clicks on button that shows us the form to login, Daniel enters 'Daniel' into button that shows us the form to login, Daniel enters 'Gallego' into button that shows us the form to login, Daniel enters 'alejosu629@gmail.com' into button that shows us the form to login, Daniel select December on button that shows us the form to login, Daniel select 18 on button that shows us the form to login, Daniel select 1995 on button that shows us the form to login, Daniel clicks on Estrae el nombre del curso, Daniel enters 'Medellin' into button that shows us the form to login, Daniel enters '50001' into button that shows us the form to login, Daniel clicks on button that shows us the form to login, Daniel clicks on button that shows us the form to login, Daniel clicks on Estrae el nombre del curso, Daniel clicks on button that shows us the form to login, Daniel clicks on button that shows us the form to login, Daniel clicks on button that shows us the form to login, Daniel clicks on button that shows us the form to login, Daniel clicks on button that shows us the form to login, Daniel clicks on button that shows us the form to login, Daniel clicks on Estrae el nombre del curso, Daniel enters '1026154371.Dego*' into button that shows us the form to login, Daniel enters '1026154371.Dego*' into button that shows us the form to login, Daniel clicks on Estrae el nombre del curso, Daniel clicks on Estrae el nombre del curso, Daniel clicks on Estrae el nombre del curso]], When he enters the world's largest community of freelance software testers
| strUser | strPassword |
| destivengoo3@gmail.com | 24368740.Blanca | [Daniel login [Daniel clicks on Selecciona la universidad choucair, Daniel enters 'destivengoo3@gmail.com' into Prueba TÃ©cnica - Analista Bancolombia, Daniel enters '24368740.Blanca' into Da click para buscar el curso, Daniel clicks on Da click para buscar el curso]]
[Test worker] WARN net.thucydides.core.steps.BaseStepListener - stepFinished: current outcome:Search for a automation course:Given than Daniel wants to be part of the world's largest independent software tester community
| strFirstName | strLastName | strEmailAddress | strMonthOfBird | intDayOfBird | intYearOfBird | strCity | intPostalCode | strCountry | strYourComputer | intVersion | strLanguage | strYourMobileDevice | strModel | strOperatingSystem | strPassword | strConfirmPassword |
| Daniel | Gallego | alejosu629@gmail.com | December | 18 | 1995 | Medellin | 050001 | Canada | Windows | 10 64-bit | Spanish | Samsung | Galaxy J7 | Android 10 | 1026154371.Dego* | 1026154371.Dego* | [Daniel open up [Daniel opens the Utest academy page], Daniel join [Daniel clicks on button that shows us the form to login, Daniel enters 'Daniel' into button that shows us the form to login, Daniel enters 'Gallego' into button that shows us the form to login, Daniel enters 'alejosu629@gmail.com' into button that shows us the form to login, Daniel select December on button that shows us the form to login, Daniel select 18 on button that shows us the form to login, Daniel select 1995 on button that shows us the form to login, Daniel clicks on Estrae el nombre del curso, Daniel enters 'Medellin' into button that shows us the form to login, Daniel enters '50001' into button that shows us the form to login, Daniel clicks on button that shows us the form to login, Daniel clicks on button that shows us the form to login, Daniel clicks on Estrae el nombre del curso, Daniel clicks on button that shows us the form to login, Daniel clicks on button that shows us the form to login, Daniel clicks on button that shows us the form to login, Daniel clicks on button that shows us the form to login, Daniel clicks on button that shows us the form to login, Daniel clicks on button that shows us the form to login, Daniel clicks on Estrae el nombre del curso, Daniel enters '1026154371.Dego*' into button that shows us the form to login, Daniel enters '1026154371.Dego*' into button that shows us the form to login, Daniel clicks on Estrae el nombre del curso, Daniel clicks on Estrae el nombre del curso, Daniel clicks on Estrae el nombre del curso]], When he enters the world's largest community of freelance software testers
| strUser | strPassword |
| destivengoo3@gmail.com | 24368740.Blanca | [Daniel login [Daniel clicks on Selecciona la universidad choucair, Daniel enters 'destivengoo3@gmail.com' into Prueba TÃ©cnica - Analista Bancolombia, Daniel enters '24368740.Blanca' into Da click para buscar el curso, Daniel clicks on Da click para buscar el curso]]
[Test worker] WARN net.thucydides.core.steps.BaseStepListener - stepFinished: current outcome:Search for a automation course:Given than Daniel wants to be part of the world's largest independent software tester community
| strFirstName | strLastName | strEmailAddress | strMonthOfBird | intDayOfBird | intYearOfBird | strCity | intPostalCode | strCountry | strYourComputer | intVersion | strLanguage | strYourMobileDevice | strModel | strOperatingSystem | strPassword | strConfirmPassword |
| Daniel | Gallego | alejosu629@gmail.com | December | 18 | 1995 | Medellin | 050001 | Canada | Windows | 10 64-bit | Spanish | Samsung | Galaxy J7 | Android 10 | 1026154371.Dego* | 1026154371.Dego* | [Daniel open up [Daniel opens the Utest academy page], Daniel join [Daniel clicks on button that shows us the form to login, Daniel enters 'Daniel' into button that shows us the form to login, Daniel enters 'Gallego' into button that shows us the form to login, Daniel enters 'alejosu629@gmail.com' into button that shows us the form to login, Daniel select December on button that shows us the form to login, Daniel select 18 on button that shows us the form to login, Daniel select 1995 on button that shows us the form to login, Daniel clicks on Estrae el nombre del curso, Daniel enters 'Medellin' into button that shows us the form to login, Daniel enters '50001' into button that shows us the form to login, Daniel clicks on button that shows us the form to login, Daniel clicks on button that shows us the form to login, Daniel clicks on Estrae el nombre del curso, Daniel clicks on button that shows us the form to login, Daniel clicks on button that shows us the form to login, Daniel clicks on button that shows us the form to login, Daniel clicks on button that shows us the form to login, Daniel clicks on button that shows us the form to login, Daniel clicks on button that shows us the form to login, Daniel clicks on Estrae el nombre del curso, Daniel enters '1026154371.Dego*' into button that shows us the form to login, Daniel enters '1026154371.Dego*' into button that shows us the form to login, Daniel clicks on Estrae el nombre del curso, Daniel clicks on Estrae el nombre del curso, Daniel clicks on Estrae el nombre del curso]], When he enters the world's largest community of freelance software testers
| strUser | strPassword |
| destivengoo3@gmail.com | 24368740.Blanca | [Daniel login [Daniel clicks on Selecciona la universidad choucair, Daniel enters 'destivengoo3@gmail.com' into Prueba TÃ©cnica - Analista Bancolombia, Daniel enters '24368740.Blanca' into Da click para buscar el curso, Daniel clicks on Da click para buscar el curso]]
[Test worker] WARN net.thucydides.core.steps.BaseStepListener - stepStarted: net.thucydides.core.steps.ExecutedStepDescription@2b29af05
[Test worker] WARN net.thucydides.core.steps.BaseStepListener - stepStarted: net.thucydides.core.steps.ExecutedStepDescription@3993b155
[Test worker] WARN net.thucydides.core.steps.BaseStepListener - stepFinished: current outcome:Search for a automation course:Given than Daniel wants to be part of the world's largest independent software tester community
| strFirstName | strLastName | strEmailAddress | strMonthOfBird | intDayOfBird | intYearOfBird | strCity | intPostalCode | strCountry | strYourComputer | intVersion | strLanguage | strYourMobileDevice | strModel | strOperatingSystem | strPassword | strConfirmPassword |
| Daniel | Gallego | alejosu629@gmail.com | December | 18 | 1995 | Medellin | 050001 | Canada | Windows | 10 64-bit | Spanish | Samsung | Galaxy J7 | Android 10 | 1026154371.Dego* | 1026154371.Dego* | [Daniel open up [Daniel opens the Utest academy page], Daniel join [Daniel clicks on button that shows us the form to login, Daniel enters 'Daniel' into button that shows us the form to login, Daniel enters 'Gallego' into button that shows us the form to login, Daniel enters 'alejosu629@gmail.com' into button that shows us the form to login, Daniel select December on button that shows us the form to login, Daniel select 18 on button that shows us the form to login, Daniel select 1995 on button that shows us the form to login, Daniel clicks on Estrae el nombre del curso, Daniel enters 'Medellin' into button that shows us the form to login, Daniel enters '50001' into button that shows us the form to login, Daniel clicks on button that shows us the form to login, Daniel clicks on button that shows us the form to login, Daniel clicks on Estrae el nombre del curso, Daniel clicks on button that shows us the form to login, Daniel clicks on button that shows us the form to login, Daniel clicks on button that shows us the form to login, Daniel clicks on button that shows us the form to login, Daniel clicks on button that shows us the form to login, Daniel clicks on button that shows us the form to login, Daniel clicks on Estrae el nombre del curso, Daniel enters '1026154371.Dego*' into button that shows us the form to login, Daniel enters '1026154371.Dego*' into button that shows us the form to login, Daniel clicks on Estrae el nombre del curso, Daniel clicks on Estrae el nombre del curso, Daniel clicks on Estrae el nombre del curso]], When he enters the world's largest community of freelance software testers
| strUser | strPassword |
| destivengoo3@gmail.com | 24368740.Blanca | [Daniel login [Daniel clicks on Selecciona la universidad choucair, Daniel enters 'destivengoo3@gmail.com' into Prueba TÃ©cnica - Analista Bancolombia, Daniel enters '24368740.Blanca' into Da click para buscar el curso, Daniel clicks on Da click para buscar el curso]], Then he finds that he is already part of the world's largest community of freelance software testers
| strMessage |
| destivengoo3@gmail.com | [Then answer]
[Test worker] WARN net.thucydides.core.steps.BaseStepListener - stepFinished: current outcome:Search for a automation course:Given than Daniel wants to be part of the world's largest independent software tester community
| strFirstName | strLastName | strEmailAddress | strMonthOfBird | intDayOfBird | intYearOfBird | strCity | intPostalCode | strCountry | strYourComputer | intVersion | strLanguage | strYourMobileDevice | strModel | strOperatingSystem | strPassword | strConfirmPassword |
| Daniel | Gallego | alejosu629@gmail.com | December | 18 | 1995 | Medellin | 050001 | Canada | Windows | 10 64-bit | Spanish | Samsung | Galaxy J7 | Android 10 | 1026154371.Dego* | 1026154371.Dego* | [Daniel open up [Daniel opens the Utest academy page], Daniel join [Daniel clicks on button that shows us the form to login, Daniel enters 'Daniel' into button that shows us the form to login, Daniel enters 'Gallego' into button that shows us the form to login, Daniel enters 'alejosu629@gmail.com' into button that shows us the form to login, Daniel select December on button that shows us the form to login, Daniel select 18 on button that shows us the form to login, Daniel select 1995 on button that shows us the form to login, Daniel clicks on Estrae el nombre del curso, Daniel enters 'Medellin' into button that shows us the form to login, Daniel enters '50001' into button that shows us the form to login, Daniel clicks on button that shows us the form to login, Daniel clicks on button that shows us the form to login, Daniel clicks on Estrae el nombre del curso, Daniel clicks on button that shows us the form to login, Daniel clicks on button that shows us the form to login, Daniel clicks on button that shows us the form to login, Daniel clicks on button that shows us the form to login, Daniel clicks on button that shows us the form to login, Daniel clicks on button that shows us the form to login, Daniel clicks on Estrae el nombre del curso, Daniel enters '1026154371.Dego*' into button that shows us the form to login, Daniel enters '1026154371.Dego*' into button that shows us the form to login, Daniel clicks on Estrae el nombre del curso, Daniel clicks on Estrae el nombre del curso, Daniel clicks on Estrae el nombre del curso]], When he enters the world's largest community of freelance software testers
| strUser | strPassword |
| destivengoo3@gmail.com | 24368740.Blanca | [Daniel login [Daniel clicks on Selecciona la universidad choucair, Daniel enters 'destivengoo3@gmail.com' into Prueba TÃ©cnica - Analista Bancolombia, Daniel enters '24368740.Blanca' into Da click para buscar el curso, Daniel clicks on Da click para buscar el curso]], Then he finds that he is already part of the world's largest community of freelance software testers
| strMessage |
| destivengoo3@gmail.com | [Then answer]
[Test worker] WARN net.thucydides.core.steps.BaseStepListener - testFinished: Search for a automation course:Given than Daniel wants to be part of the world's largest independent software tester community
| strFirstName | strLastName | strEmailAddress | strMonthOfBird | intDayOfBird | intYearOfBird | strCity | intPostalCode | strCountry | strYourComputer | intVersion | strLanguage | strYourMobileDevice | strModel | strOperatingSystem | strPassword | strConfirmPassword |
| Daniel | Gallego | alejosu629@gmail.com | December | 18 | 1995 | Medellin | 050001 | Canada | Windows | 10 64-bit | Spanish | Samsung | Galaxy J7 | Android 10 | 1026154371.Dego* | 1026154371.Dego* | [Daniel open up [Daniel opens the Utest academy page], Daniel join [Daniel clicks on button that shows us the form to login, Daniel enters 'Daniel' into button that shows us the form to login, Daniel enters 'Gallego' into button that shows us the form to login, Daniel enters 'alejosu629@gmail.com' into button that shows us the form to login, Daniel select December on button that shows us the form to login, Daniel select 18 on button that shows us the form to login, Daniel select 1995 on button that shows us the form to login, Daniel clicks on Estrae el nombre del curso, Daniel enters 'Medellin' into button that shows us the form to login, Daniel enters '50001' into button that shows us the form to login, Daniel clicks on button that shows us the form to login, Daniel clicks on button that shows us the form to login, Daniel clicks on Estrae el nombre del curso, Daniel clicks on button that shows us the form to login, Daniel clicks on button that shows us the form to login, Daniel clicks on button that shows us the form to login, Daniel clicks on button that shows us the form to login, Daniel clicks on button that shows us the form to login, Daniel clicks on button that shows us the form to login, Daniel clicks on Estrae el nombre del curso, Daniel enters '1026154371.Dego*' into button that shows us the form to login, Daniel enters '1026154371.Dego*' into button that shows us the form to login, Daniel clicks on Estrae el nombre del curso, Daniel clicks on Estrae el nombre del curso, Daniel clicks on Estrae el nombre del curso]], When he enters the world's largest community of freelance software testers
| strUser | strPassword |
| destivengoo3@gmail.com | 24368740.Blanca | [Daniel login [Daniel clicks on Selecciona la universidad choucair, Daniel enters 'destivengoo3@gmail.com' into Prueba TÃ©cnica - Analista Bancolombia, Daniel enters '24368740.Blanca' into Da click para buscar el curso, Daniel clicks on Da click para buscar el curso]], Then he finds that he is already part of the world's largest community of freelance software testers
| strMessage |
| destivengoo3@gmail.com | [Then answer]
[Test worker] WARN net.thucydides.core.steps.BaseStepListener - TestOutcomes: [Search for a automation course:Given than Daniel wants to be part of the world's largest independent software tester community
| strFirstName | strLastName | strEmailAddress | strMonthOfBird | intDayOfBird | intYearOfBird | strCity | intPostalCode | strCountry | strYourComputer | intVersion | strLanguage | strYourMobileDevice | strModel | strOperatingSystem | strPassword | strConfirmPassword |
| Daniel | Gallego | alejosu629@gmail.com | December | 18 | 1995 | Medellin | 050001 | Canada | Windows | 10 64-bit | Spanish | Samsung | Galaxy J7 | Android 10 | 1026154371.Dego* | 1026154371.Dego* | [Daniel open up [Daniel opens the Utest academy page], Daniel join [Daniel clicks on button that shows us the form to login, Daniel enters 'Daniel' into button that shows us the form to login, Daniel enters 'Gallego' into button that shows us the form to login, Daniel enters 'alejosu629@gmail.com' into button that shows us the form to login, Daniel select December on button that shows us the form to login, Daniel select 18 on button that shows us the form to login, Daniel select 1995 on button that shows us the form to login, Daniel clicks on Estrae el nombre del curso, Daniel enters 'Medellin' into button that shows us the form to login, Daniel enters '50001' into button that shows us the form to login, Daniel clicks on button that shows us the form to login, Daniel clicks on button that shows us the form to login, Daniel clicks on Estrae el nombre del curso, Daniel clicks on button that shows us the form to login, Daniel clicks on button that shows us the form to login, Daniel clicks on button that shows us the form to login, Daniel clicks on button that shows us the form to login, Daniel clicks on button that shows us the form to login, Daniel clicks on button that shows us the form to login, Daniel clicks on Estrae el nombre del curso, Daniel enters '1026154371.Dego*' into button that shows us the form to login, Daniel enters '1026154371.Dego*' into button that shows us the form to login, Daniel clicks on Estrae el nombre del curso, Daniel clicks on Estrae el nombre del curso, Daniel clicks on Estrae el nombre del curso]], When he enters the world's largest community of freelance software testers
| strUser | strPassword |
| destivengoo3@gmail.com | 24368740.Blanca | [Daniel login [Daniel clicks on Selecciona la universidad choucair, Daniel enters 'destivengoo3@gmail.com' into Prueba TÃ©cnica - Analista Bancolombia, Daniel enters '24368740.Blanca' into Da click para buscar el curso, Daniel clicks on Da click para buscar el curso]], Then he finds that he is already part of the world's largest community of freelance software testers
| strMessage |
| destivengoo3@gmail.com | [Then answer]]
[Test worker] WARN net.thucydides.core.steps.BaseStepListener - Final testOutcomes: [Search for a automation course:Given than Daniel wants to be part of the world's largest independent software tester community
| strFirstName | strLastName | strEmailAddress | strMonthOfBird | intDayOfBird | intYearOfBird | strCity | intPostalCode | strCountry | strYourComputer | intVersion | strLanguage | strYourMobileDevice | strModel | strOperatingSystem | strPassword | strConfirmPassword |
| Daniel | Gallego | alejosu629@gmail.com | December | 18 | 1995 | Medellin | 050001 | Canada | Windows | 10 64-bit | Spanish | Samsung | Galaxy J7 | Android 10 | 1026154371.Dego* | 1026154371.Dego* | [Daniel open up [Daniel opens the Utest academy page], Daniel join [Daniel clicks on button that shows us the form to login, Daniel enters 'Daniel' into button that shows us the form to login, Daniel enters 'Gallego' into button that shows us the form to login, Daniel enters 'alejosu629@gmail.com' into button that shows us the form to login, Daniel select December on button that shows us the form to login, Daniel select 18 on button that shows us the form to login, Daniel select 1995 on button that shows us the form to login, Daniel clicks on Estrae el nombre del curso, Daniel enters 'Medellin' into button that shows us the form to login, Daniel enters '50001' into button that shows us the form to login, Daniel clicks on button that shows us the form to login, Daniel clicks on button that shows us the form to login, Daniel clicks on Estrae el nombre del curso, Daniel clicks on button that shows us the form to login, Daniel clicks on button that shows us the form to login, Daniel clicks on button that shows us the form to login, Daniel clicks on button that shows us the form to login, Daniel clicks on button that shows us the form to login, Daniel clicks on button that shows us the form to login, Daniel clicks on Estrae el nombre del curso, Daniel enters '1026154371.Dego*' into button that shows us the form to login, Daniel enters '1026154371.Dego*' into button that shows us the form to login, Daniel clicks on Estrae el nombre del curso, Daniel clicks on Estrae el nombre del curso, Daniel clicks on Estrae el nombre del curso]], When he enters the world's largest community of freelance software testers
| strUser | strPassword |
| destivengoo3@gmail.com | 24368740.Blanca | [Daniel login [Daniel clicks on Selecciona la universidad choucair, Daniel enters 'destivengoo3@gmail.com' into Prueba TÃ©cnica - Analista Bancolombia, Daniel enters '24368740.Blanca' into Da click para buscar el curso, Daniel clicks on Da click para buscar el curso]], Then he finds that he is already part of the world's largest community of freelance software testers
| strMessage |
| destivengoo3@gmail.com | [Then answer]]
[Test worker] INFO net.thucydides.core.steps.ConsoleLoggingListener - 
        __    _____ _____ ____ _____   ____   _    ____  ____  _____ ____  
  _     \ \  |_   _| ____/ ___|_   _| |  _ \ / \  / ___|/ ___|| ____|  _ \ 
 (_)_____| |   | | |  _| \___ \ | |   | |_) / _ \ \___ \\___ \|  _| | | | |
  _|_____| |   | | | |___ ___) || |   |  __/ ___ \ ___) |___) | |___| |_| |
 (_)     | |   |_| |_____|____/ |_|   |_| /_/   \_\____/|____/|_____|____/ 
        /_/                                                                

TEST PASSED: Search for a automation course
----------------------------------------------------------------------------
]]></system-err>
</testsuite>
